[INFO ] 2020-12-13 19:11:43.228 [http-nio-8080-exec-5] LogThis - revmikejones13@gmail.com, admin has logged in
[INFO ] 2020-12-13 19:14:08.103 [http-nio-8080-exec-1] LogThis - User has logged out
[INFO ] 2020-12-13 19:26:41.957 [http-nio-8080-exec-5] LogThis - lnelson@gmail.com, admin has logged in
[INFO ] 2020-12-13 19:27:05.532 [http-nio-8080-exec-3] LogThis - User has logged out
[INFO ] 2020-12-13 19:27:15.714 [http-nio-8080-exec-5] LogThis - revmikejones13@gmail.com, admin has logged in
[INFO ] 2020-12-13 19:27:39.659 [http-nio-8080-exec-10] LogThis - User has logged out
[INFO ] 2020-12-13 19:30:01.716 [http-nio-8080-exec-7] LogThis - revmikejones13@gmail.com, admin has logged in
[INFO ] 2020-12-13 19:31:11.082 [http-nio-8080-exec-8] LogThis - User has logged out
[INFO ] 2020-12-13 19:31:23.382 [http-nio-8080-exec-1] LogThis - lnelson@gmail.com, admin has logged in
[INFO ] 2020-12-13 19:31:30.362 [http-nio-8080-exec-10] LogThis - User has logged out
[INFO ] 2020-12-13 19:31:39.428 [http-nio-8080-exec-3] LogThis - mj@gmail.com, admin has logged in
[INFO ] 2020-12-13 19:33:11.850 [http-nio-8080-exec-8] LogThis - User has logged out
[INFO ] 2020-12-13 19:42:02.792 [http-nio-8080-exec-4] LogThis - revmikejones13@gmail.com, admin has logged in
[INFO ] 2020-12-13 19:44:17.806 [http-nio-8080-exec-8] LogThis - revmikejones13@gmail.com, admin has logged in
[INFO ] 2020-12-13 19:46:04.990 [http-nio-8080-exec-3] LogThis - revmikejones13@gmail.com, admin has logged in
[INFO ] 2020-12-13 19:48:36.156 [http-nio-8080-exec-8] LogThis - revmikejones13@gmail.com, admin has logged in
[INFO ] 2020-12-13 19:57:29.162 [http-nio-8080-exec-7] LogThis - revmikejones13@gmail.com, admin has logged in
[INFO ] 2020-12-13 20:08:10.414 [http-nio-8080-exec-2] LogThis - revmikejones13@gmail.com, admin has logged in
[INFO ] 2020-12-13 20:11:51.412 [http-nio-8080-exec-5] LogThis - revmikejones13@gmail.com, admin has logged in
[INFO ] 2020-12-13 20:20:48.542 [http-nio-8080-exec-5] LogThis - mj@gmail.com, admin has logged in
[INFO ] 2020-12-13 20:34:18.923 [http-nio-8080-exec-10] LogThis - revmikejones13@gmail.com, admin has logged in
[INFO ] 2020-12-13 20:36:03.520 [http-nio-8080-exec-4] LogThis - User has logged out
[INFO ] 2020-12-13 20:36:29.142 [http-nio-8080-exec-10] LogThis - mj@gmail.com, admin has logged in
[INFO ] 2020-12-13 20:37:25.307 [http-nio-8080-exec-4] LogThis - User has logged out
[INFO ] 2020-12-13 22:56:05.432 [http-nio-8080-exec-6] LogThis - sfisher@gmail.com, user has logged in
[INFO ] 2020-12-13 23:00:46.969 [http-nio-8080-exec-9] LogThis - sfisher@gmail.com, user has logged in
[INFO ] 2020-12-13 23:02:13.345 [http-nio-8080-exec-4] LogThis - sfisher@gmail.com, user has logged in
[INFO ] 2020-12-13 23:04:34.556 [http-nio-8080-exec-3] LogThis - sfisher@gmail.com, user has logged in
[INFO ] 2020-12-13 23:06:19.385 [http-nio-8080-exec-10] LogThis - sfisher@gmail.com, user has logged in
[INFO ] 2020-12-13 23:06:25.368 [http-nio-8080-exec-4] LogThis - User has logged out
[INFO ] 2020-12-13 23:07:32.286 [http-nio-8080-exec-1] LogThis - sfisher@gmail.com, user has logged in
[INFO ] 2020-12-13 23:07:41.212 [http-nio-8080-exec-1] LogThis - User has logged out
[INFO ] 2020-12-13 23:10:05.698 [http-nio-8080-exec-10] LogThis - ken@gmail.com, user has logged in
[INFO ] 2020-12-13 23:12:19.685 [http-nio-8080-exec-4] LogThis - ken@gmail.com, user has logged in
[INFO ] 2020-12-13 23:12:34.345 [http-nio-8080-exec-5] LogThis - User has logged out
[INFO ] 2020-12-13 23:18:52.544 [http-nio-8080-exec-7] LogThis - sfisher@gmail.com, user has logged in
[INFO ] 2020-12-13 23:19:03.225 [http-nio-8080-exec-6] LogThis - User has logged out
[INFO ] 2020-12-13 23:22:25.729 [http-nio-8080-exec-6] LogThis - User has logged out
[INFO ] 2020-12-13 23:24:41.567 [http-nio-8080-exec-4] LogThis - sfisher@gmail.com, user has logged in
[INFO ] 2020-12-13 23:24:52.407 [http-nio-8080-exec-6] LogThis - User has logged out
[INFO ] 2020-12-13 23:27:18.629 [http-nio-8080-exec-4] LogThis - sfisher@gmail.com, user has logged in
[INFO ] 2020-12-13 23:27:23.676 [http-nio-8080-exec-10] LogThis - User has logged out
[INFO ] 2020-12-13 23:29:12.556 [http-nio-8080-exec-4] LogThis - sfisher@gmail.com, user has logged in
[INFO ] 2020-12-13 23:29:19.189 [http-nio-8080-exec-9] LogThis - User has logged out
[INFO ] 2020-12-13 23:31:35.073 [http-nio-8080-exec-4] LogThis - sfisher@gmail.com, user has logged in
[INFO ] 2020-12-13 23:31:39.523 [http-nio-8080-exec-10] LogThis - User has logged out
[INFO ] 2020-12-13 23:33:00.815 [http-nio-8080-exec-10] LogThis - User has logged out
[INFO ] 2020-12-13 23:34:15.135 [http-nio-8080-exec-12] LogThis - revmikejones13@gmail.com, admin has logged in
[INFO ] 2020-12-13 23:35:32.357 [http-nio-8080-exec-16] LogThis - User has logged out
[INFO ] 2020-12-13 23:36:17.632 [http-nio-8080-exec-12] LogThis - revmikejones13@gmail.com, admin has logged in
[INFO ] 2020-12-13 23:37:40.576 [http-nio-8080-exec-13] LogThis - User has logged out
[INFO ] 2020-12-13 23:37:52.785 [http-nio-8080-exec-14] LogThis - lnelson@gmail.com, admin has logged in
[INFO ] 2020-12-13 23:38:04.821 [http-nio-8080-exec-15] LogThis - User has logged out
[INFO ] 2020-12-13 23:38:11.527 [http-nio-8080-exec-17] LogThis - mj@gmail.com, admin has logged in
[INFO ] 2020-12-13 23:42:45.836 [http-nio-8080-exec-4] LogThis - revmikejones13@gmail.com, admin has logged in
[INFO ] 2020-12-13 23:46:16.101 [http-nio-8080-exec-9] LogThis - revmikejones13@gmail.com, admin has logged in
[INFO ] 2020-12-13 23:51:32.959 [http-nio-8080-exec-7] LogThis - revmikejones13@gmail.com, admin has logged in
[INFO ] 2020-12-13 23:53:18.169 [http-nio-8080-exec-2] LogThis - revmikejones13@gmail.com, admin has logged in
[INFO ] 2020-12-14 00:04:18.967 [http-nio-8080-exec-8] LogThis - revmikejones13@gmail.com, admin has logged in
